<?xml version="1.0" encoding="UTF-8"?>
<!-- Generated by org.testng.reporters.JUnitReportReporter -->
<testsuite skipped="0" hostname="DESKTOP-N7F78N2" name="com.api.tests.GOTshow" tests="1" failures="0" timestamp="30 Aug 2018 02:02:49 GMT" time="0.187" errors="1">
  <testcase name="GOT_Characters" time="0.187" classname="com.api.tests.GOTshow">
    <error type="com.fasterxml.jackson.databind.exc.InvalidDefinitionException" message="Cannot construct instance of `com.api.pojos.GOT_Character` (no Creators, like default construct, exist): cannot deserialize from Object value (no delegate- or property-based Creator)
 at [Source: (String)&quot; [
    {
        &quot;_id&quot;: &quot;56ffc5be043244081938576d&quot;,
        &quot;male&quot;: true,
        &quot;house&quot;: &quot;House Hightower&quot;,
        &quot;slug&quot;: &quot;Abelar_Hightower&quot;,
        &quot;name&quot;: &quot;Abelar Hightower&quot;,
        &quot;__v&quot;: 0,
        &quot;pageRank&quot;: 2.5,
        &quot;books&quot;: [
            &quot;The Hedge Knight&quot;
        ],
        &quot;updatedAt&quot;: &quot;2016-04-02T13:14:38.834Z&quot;,
        &quot;createdAt&quot;: &quot;2016-04-02T13:14:38.834Z&quot;,
        &quot;titles&quot;: [
            &quot;Ser&quot;
        ]
    },
    {
        &quot;_id&quot;: &quot;56ffc5be043244081938576e&quot;,
        &quot;mal&quot;[truncated 741 chars]; line: 3, column: 9] (through reference chain: java.lang.Object[][0])">
      <![CDATA[com.fasterxml.jackson.databind.exc.InvalidDefinitionException: Cannot construct instance of `com.api.pojos.GOT_Character` (no Creators, like default construct, exist): cannot deserialize from Object value (no delegate- or property-based Creator)
 at [Source: (String)" [
    {
        "_id": "56ffc5be043244081938576d",
        "male": true,
        "house": "House Hightower",
        "slug": "Abelar_Hightower",
        "name": "Abelar Hightower",
        "__v": 0,
        "pageRank": 2.5,
        "books": [
            "The Hedge Knight"
        ],
        "updatedAt": "2016-04-02T13:14:38.834Z",
        "createdAt": "2016-04-02T13:14:38.834Z",
        "titles": [
            "Ser"
        ]
    },
    {
        "_id": "56ffc5be043244081938576e",
        "mal"[truncated 741 chars]; line: 3, column: 9] (through reference chain: java.lang.Object[][0])
at com.fasterxml.jackson.databind.exc.InvalidDefinitionException.from(InvalidDefinitionException.java:67)
at com.fasterxml.jackson.databind.DeserializationContext.reportBadDefinition(DeserializationContext.java:1451)
at com.fasterxml.jackson.databind.DeserializationContext.handleMissingInstantiator(DeserializationContext.java:1027)
at com.fasterxml.jackson.databind.deser.BeanDeserializerBase.deserializeFromObjectUsingNonDefault(BeanDeserializerBase.java:1297)
at com.fasterxml.jackson.databind.deser.BeanDeserializer.deserializeFromObject(BeanDeserializer.java:326)
at com.fasterxml.jackson.databind.deser.BeanDeserializer.deserialize(BeanDeserializer.java:159)
at com.fasterxml.jackson.databind.deser.std.ObjectArrayDeserializer.deserialize(ObjectArrayDeserializer.java:195)
at com.fasterxml.jackson.databind.deser.std.ObjectArrayDeserializer.deserialize(ObjectArrayDeserializer.java:21)
at com.fasterxml.jackson.databind.ObjectMapper._readMapAndClose(ObjectMapper.java:4013)
at com.fasterxml.jackson.databind.ObjectMapper.readValue(ObjectMapper.java:3004)
at com.api.tests.GOTshow.GOT_Characters(GOTshow.java:106)
at sun.reflect.NativeMethodAccessorImpl.invoke0(Native Method)
at sun.reflect.NativeMethodAccessorImpl.invoke(NativeMethodAccessorImpl.java:62)
at sun.reflect.DelegatingMethodAccessorImpl.invoke(DelegatingMethodAccessorImpl.java:43)
at java.lang.reflect.Method.invoke(Method.java:498)
at org.testng.internal.MethodInvocationHelper.invokeMethod(MethodInvocationHelper.java:124)
at org.testng.internal.Invoker.invokeMethod(Invoker.java:580)
at org.testng.internal.Invoker.invokeTestMethod(Invoker.java:716)
at org.testng.internal.Invoker.invokeTestMethods(Invoker.java:988)
at org.testng.internal.TestMethodWorker.invokeTestMethods(TestMethodWorker.java:125)
at org.testng.internal.TestMethodWorker.run(TestMethodWorker.java:109)
at org.testng.TestRunner.privateRun(TestRunner.java:648)
at org.testng.TestRunner.run(TestRunner.java:505)
at org.testng.SuiteRunner.runTest(SuiteRunner.java:455)
at org.testng.SuiteRunner.runSequentially(SuiteRunner.java:450)
at org.testng.SuiteRunner.privateRun(SuiteRunner.java:415)
at org.testng.SuiteRunner.run(SuiteRunner.java:364)
at org.testng.SuiteRunnerWorker.runSuite(SuiteRunnerWorker.java:52)
at org.testng.SuiteRunnerWorker.run(SuiteRunnerWorker.java:84)
at org.testng.TestNG.runSuitesSequentially(TestNG.java:1208)
at org.testng.TestNG.runSuitesLocally(TestNG.java:1137)
at org.testng.TestNG.runSuites(TestNG.java:1049)
at org.testng.TestNG.run(TestNG.java:1017)
at org.testng.remote.AbstractRemoteTestNG.run(AbstractRemoteTestNG.java:114)
at org.testng.remote.RemoteTestNG.initAndRun(RemoteTestNG.java:251)
at org.testng.remote.RemoteTestNG.main(RemoteTestNG.java:77)
]]>
    </error>
  </testcase> <!-- GOT_Characters -->
</testsuite> <!-- com.api.tests.GOTshow -->
