<?xml version="1.0" encoding="UTF-8"?>
<!-- Generated by org.testng.reporters.JUnitReportReporter -->
<testsuite skipped="0" hostname="DESKTOP-N7F78N2" name="com.api.auth.Auth" tests="1" failures="0" timestamp="01 Sep 2018 20:09:23 GMT" time="0.599" errors="0">
  <testcase name="test" time="0.599" classname="com.api.auth.Auth"/>
</testsuite> <!-- com.api.auth.Auth -->
