<?xml version="1.0" encoding="UTF-8"?>
<!-- Generated by org.testng.reporters.JUnitReportReporter -->
<testsuite skipped="0" hostname="DESKTOP-N7F78N2" name="com.api.tests.Test1" tests="8" failures="0" timestamp="19 Aug 2018 20:52:27 GMT" time="3.145" errors="0">
  <testcase name="first_Test" time="1.174" classname="com.api.tests.Test1"/>
  <testcase name="second_test" time="0.260" classname="com.api.tests.Test1"/>
  <testcase name="third_test" time="0.212" classname="com.api.tests.Test1"/>
  <testcase name="fourth_test" time="0.361" classname="com.api.tests.Test1"/>
  <testcase name="fifth_test" time="0.464" classname="com.api.tests.Test1"/>
  <testcase name="sixth_test" time="0.276" classname="com.api.tests.Test1"/>
  <testcase name="seventh_test" time="0.207" classname="com.api.tests.Test1"/>
  <testcase name="eightth_test" time="0.191" classname="com.api.tests.Test1"/>
</testsuite> <!-- com.api.tests.Test1 -->
