<?xml version="1.0" encoding="UTF-8"?>
<!-- Generated by org.testng.reporters.JUnitReportReporter -->
<testsuite skipped="0" hostname="DESKTOP-N7F78N2" name="com.api.tests.JSONDataBind3" tests="1" failures="0" timestamp="30 Aug 2018 00:28:52 GMT" time="1.283" errors="0">
  <testcase name="test" time="1.283" classname="com.api.tests.JSONDataBind3"/>
</testsuite> <!-- com.api.tests.JSONDataBind3 -->
