<?xml version="1.0" encoding="UTF-8"?>
<!-- Generated by org.testng.reporters.JUnitReportReporter -->
<testsuite skipped="0" hostname="DESKTOP-N7F78N2" name="com.api.tests.CustomSerilizeDeserlization" tests="1" failures="0" timestamp="30 Aug 2018 01:57:33 GMT" time="0.173" errors="0">
  <testcase name="test" time="0.173" classname="com.api.tests.CustomSerilizeDeserlization"/>
</testsuite> <!-- com.api.tests.CustomSerilizeDeserlization -->
