<?xml version="1.0" encoding="UTF-8"?>
<!-- Generated by org.testng.reporters.JUnitReportReporter -->
<testsuite skipped="0" hostname="DESKTOP-N7F78N2" name="com.api.auth.Auth2" tests="1" failures="0" timestamp="01 Sep 2018 20:09:47 GMT" time="1.492" errors="0">
  <testcase name="getAllModule" time="1.492" classname="com.api.auth.Auth2"/>
</testsuite> <!-- com.api.auth.Auth2 -->
