<?xml version="1.0" encoding="UTF-8"?>
<!-- Generated by org.testng.reporters.JUnitReportReporter -->
<testsuite skipped="0" hostname="DESKTOP-N7F78N2" name="com.api.tests.Test2_BaseURI" tests="1" failures="0" timestamp="19 Aug 2018 20:53:04 GMT" time="1.363" errors="0">
  <testcase name="nineth_test" time="1.363" classname="com.api.tests.Test2_BaseURI"/>
</testsuite> <!-- com.api.tests.Test2_BaseURI -->
